<?xml version="1.0" encoding="UTF-8"?>
<testsuite xmlns:xsi="http://www.w3.org/2001/XMLSchema-instance" xsi:noNamespaceSchemaLocation="https://maven.apache.org/surefire/maven-surefire-plugin/xsd/surefire-test-report-3.0.xsd" version="3.0" name="com.tuempresa.frontendservice.controller.AuthViewControllerTest" time="4.115" tests="2" errors="0" skipped="0" failures="0">
  <properties>
[...]
</properties>
  <testcase name="registerPage_ReturnsRegisterView" classname="com.tuempresa.frontendservice.controller.AuthViewControllerTest" time="1.42">
    <system-out><![CDATA[02:33:17.608 [main] INFO org.springframework.test.context.support.AnnotationConfigContextLoaderUtils -- Could not detect default configuration classes for test class [com.tuempresa.frontendservice.controller.AuthViewControllerTest]: AuthViewControllerTest does not declare any static, non-private, non-final, nested classes annotated with @Configuration.
02:33:17.767 [main] INFO org.springframework.boot.test.context.SpringBootTestContextBootstrapper -- Found @SpringBootConfiguration com.tuempresa.frontendservice.FrontendServiceApplication for test class com.tuempresa.frontendservice.controller.AuthViewControllerTest

  .   ____          _            __ _ _
 /\\ / ___'_ __ _ _(_)_ __  __ _ \ \ \ \
( ( )\___ | '_ | '_| | '_ \/ _` | \ \ \ \
 \\/  ___)| |_)| | | | | || (_| |  ) ) ) )
  '  |____| .__|_| |_|_| |_\__, | / / / /
 =========|_|==============|___/=/_/_/_/
 :: Spring Boot ::                (v3.2.3)

2025-04-03T02:33:18.441+02:00  INFO 11340 --- [frontend-service] [           main] c.t.f.controller.AuthViewControllerTest  : Starting AuthViewControllerTest using Java 21.0.6 with PID 11340 (started by user in C:\DATOS\DEV\DESK-MINI\frontend-service)
2025-04-03T02:33:18.443+02:00  INFO 11340 --- [frontend-service] [           main] c.t.f.controller.AuthViewControllerTest  : No active profile set, falling back to 1 default profile: "default"
2025-04-03T02:33:20.012+02:00  INFO 11340 --- [frontend-service] [           main] o.s.b.t.m.w.SpringBootMockServletContext : Initializing Spring TestDispatcherServlet ''
2025-04-03T02:33:20.014+02:00  INFO 11340 --- [frontend-service] [           main] o.s.t.web.servlet.TestDispatcherServlet  : Initializing Servlet ''
2025-04-03T02:33:20.017+02:00  INFO 11340 --- [frontend-service] [           main] o.s.t.web.servlet.TestDispatcherServlet  : Completed initialization in 1 ms
2025-04-03T02:33:20.044+02:00  INFO 11340 --- [frontend-service] [           main] c.t.f.controller.AuthViewControllerTest  : Started AuthViewControllerTest in 2.162 seconds (process running for 3.323)
]]></system-out>
    <system-err><![CDATA[WARNING: A Java agent has been loaded dynamically (C:\Users\user\.m2\repository\net\bytebuddy\byte-buddy-agent\1.14.12\byte-buddy-agent-1.14.12.jar)
WARNING: If a serviceability tool is in use, please run with -XX:+EnableDynamicAgentLoading to hide this warning
WARNING: If a serviceability tool is not in use, please run with -Djdk.instrument.traceUsage for more information
WARNING: Dynamic loading of agents will be disallowed by default in a future release
]]></system-err>
  </testcase>
  <testcase name="loginPage_ReturnsLoginView" classname="com.tuempresa.frontendservice.controller.AuthViewControllerTest" time="0.011"/>
</testsuite>